Release 14.7 - xst P.20131013 (nt64)
Copyright (c) 1995-2013 Xilinx, Inc.  All rights reserved.
--> Parameter TMPDIR set to xst/projnav.tmp


Total REAL time to Xst completion: 0.00 secs
Total CPU time to Xst completion: 0.13 secs
 
--> Parameter xsthdpdir set to xst


Total REAL time to Xst completion: 0.00 secs
Total CPU time to Xst completion: 0.13 secs
 
--> Reading design: Counter.prj

TABLE OF CONTENTS
  1) Synthesis Options Summary
  2) HDL Compilation
  3) Design Hierarchy Analysis
  4) HDL Analysis
  5) HDL Synthesis
     5.1) HDL Synthesis Report
  6) Advanced HDL Synthesis
     6.1) Advanced HDL Synthesis Report
  7) Low Level Synthesis
  8) Partition Report
  9) Final Report
	9.1) Device utilization summary
	9.2) Partition Resource Summary
	9.3) TIMING REPORT


=========================================================================
*                      Synthesis Options Summary                        *
=========================================================================
---- Source Parameters
Input File Name                    : "Counter.prj"
Input Format                       : mixed
Ignore Synthesis Constraint File   : NO

---- Target Parameters
Output File Name                   : "Counter"
Output Format                      : NGC
Target Device                      : xc3s100e-5-vq100

---- Source Options
Top Module Name                    : Counter
Automatic FSM Extraction           : YES
FSM Encoding Algorithm             : Auto
Safe Implementation                : No
FSM Style                          : LUT
RAM Extraction                     : Yes
RAM Style                          : Auto
ROM Extraction                     : Yes
Mux Style                          : Auto
Decoder Extraction                 : YES
Priority Encoder Extraction        : Yes
Shift Register Extraction          : YES
Logical Shifter Extraction         : YES
XOR Collapsing                     : YES
ROM Style                          : Auto
Mux Extraction                     : Yes
Resource Sharing                   : YES
Asynchronous To Synchronous        : NO
Multiplier Style                   : Auto
Automatic Register Balancing       : No

---- Target Options
Add IO Buffers                     : YES
Global Maximum Fanout              : 100000
Add Generic Clock Buffer(BUFG)     : 24
Register Duplication               : YES
Slice Packing                      : YES
Optimize Instantiated Primitives   : NO
Use Clock Enable                   : Yes
Use Synchronous Set                : Yes
Use Synchronous Reset              : Yes
Pack IO Registers into IOBs        : Auto
Equivalent register Removal        : YES

---- General Options
Optimization Goal                  : Speed
Optimization Effort                : 1
Keep Hierarchy                     : No
Netlist Hierarchy                  : As_Optimized
RTL Output                         : Yes
Global Optimization                : AllClockNets
Read Cores                         : YES
Write Timing Constraints           : NO
Cross Clock Analysis               : NO
Hierarchy Separator                : /
Bus Delimiter                      : <>
Case Specifier                     : Maintain
Slice Utilization Ratio            : 100
BRAM Utilization Ratio             : 100
Verilog 2001                       : YES
Auto BRAM Packing                  : NO
Slice Utilization Ratio Delta      : 5

=========================================================================


=========================================================================
*                          HDL Compilation                              *
=========================================================================
Compiling vhdl file "C:/Xilinx/sonar/Sonar/Counter.vhd" in Library work.
Architecture behavioral of Entity counter is up to date.

=========================================================================
*                     Design Hierarchy Analysis                         *
=========================================================================
Analyzing hierarchy for entity <Counter> in library <work> (architecture <behavioral>) with generics.
	n = 10


=========================================================================
*                            HDL Analysis                               *
=========================================================================
Analyzing generic Entity <Counter> in library <work> (Architecture <behavioral>).
	n = 10
Entity <Counter> analyzed. Unit <Counter> generated.


=========================================================================
*                           HDL Synthesis                               *
=========================================================================

Performing bidirectional port resolution...

Synthesizing Unit <Counter>.
    Related source file is "C:/Xilinx/sonar/Sonar/Counter.vhd".
    Found 10-bit up counter for signal <count>.
    Summary:
	inferred   1 Counter(s).
Unit <Counter> synthesized.


=========================================================================
HDL Synthesis Report

Macro Statistics
# Counters                                             : 1
 10-bit up counter                                     : 1

=========================================================================

=========================================================================
*                       Advanced HDL Synthesis                          *
=========================================================================


=========================================================================
Advanced HDL Synthesis Report

Macro Statistics
# Counters                                             : 1
 10-bit up counter                                     : 1

=========================================================================

=========================================================================
*                         Low Level Synthesis                           *
=========================================================================

Optimizing unit <Counter> ...

Mapping all equations...
Building and optimizing final netlist ...
Found area constraint ratio of 100 (+ 5) on block Counter, actual ratio is 0.

Final Macro Processing ...

=========================================================================
Final Register Report

Macro Statistics
# Registers                                            : 10
 Flip-Flops                                            : 10

=========================================================================

=========================================================================
*                           Partition Report                            *
=========================================================================

Partition Implementation Status
-------------------------------

  No Partitions were found in this design.

-------------------------------

=========================================================================
*                            Final Report                               *
=========================================================================
Final Results
RTL Top Level Output File Name     : Counter.ngr
Top Level Output File Name         : Counter
Output Format                      : NGC
Optimization Goal                  : Speed
Keep Hierarchy                     : No

Design Statistics
# IOs                              : 13

Cell Usage :
# BELS                             : 32
#      GND                         : 1
#      INV                         : 2
#      LUT1                        : 9
#      MUXCY                       : 9
#      VCC                         : 1
#      XORCY                       : 10
# FlipFlops/Latches                : 10
#      FDCE                        : 10
# Clock Buffers                    : 1
#      BUFGP                       : 1
# IO Buffers                       : 12
#      IBUF                        : 2
#      OBUF                        : 10
=========================================================================

Device utilization summary:
---------------------------

Selected Device : 3s100evq100-5 

 Number of Slices:                        5  out of    960     0%  
 Number of Slice Flip Flops:             10  out of   1920     0%  
 Number of 4 input LUTs:                 11  out of   1920     0%  
 Number of IOs:                          13
 Number of bonded IOBs:                  13  out of     66    19%  
 Number of GCLKs:                         1  out of     24     4%  

---------------------------
Partition Resource Summary:
---------------------------

  No Partitions were found in this design.

---------------------------


=========================================================================
TIMING REPORT

NOTE: THESE TIMING NUMBERS ARE ONLY A SYNTHESIS ESTIMATE.
      FOR ACCURATE TIMING INFORMATION PLEASE REFER TO THE TRACE REPORT
      GENERATED AFTER PLACE-and-ROUTE.

Clock Information:
------------------
-----------------------------------+------------------------+-------+
Clock Signal                       | Clock buffer(FF name)  | Load  |
-----------------------------------+------------------------+-------+
clk                                | BUFGP                  | 10    |
-----------------------------------+------------------------+-------+

Asynchronous Control Signals Information:
----------------------------------------
-----------------------------------+------------------------+-------+
Control Signal                     | Buffer(FF name)        | Load  |
-----------------------------------+------------------------+-------+
reset_inv(reset_inv1_INV_0:O)      | NONE(count_0)          | 10    |
-----------------------------------+------------------------+-------+

Timing Summary:
---------------
Speed Grade: -5

   Minimum period: 3.389ns (Maximum Frequency: 295.033MHz)
   Minimum input arrival time before clock: 2.339ns
   Maximum output required time after clock: 4.063ns
   Maximum combinational path delay: No path found

Timing Detail:
--------------
All values displayed in nanoseconds (ns)

=========================================================================
Timing constraint: Default period analysis for Clock 'clk'
  Clock period: 3.389ns (frequency: 295.033MHz)
  Total number of paths / destination ports: 55 / 10
-------------------------------------------------------------------------
Delay:               3.389ns (Levels of Logic = 10)
  Source:            count_1 (FF)
  Destination:       count_9 (FF)
  Source Clock:      clk rising
  Destination Clock: clk rising

  Data Path: count_1 to count_9
                                Gate     Net
    Cell:in->out      fanout   Delay   Delay  Logical Name (Net Name)
    ----------------------------------------  ------------
     FDCE:C->Q             2   0.514   0.532  count_1 (count_1)
     LUT1:I0->O            1   0.612   0.000  Mcount_count_cy<1>_rt (Mcount_count_cy<1>_rt)
     MUXCY:S->O            1   0.404   0.000  Mcount_count_cy<1> (Mcount_count_cy<1>)
     MUXCY:CI->O           1   0.051   0.000  Mcount_count_cy<2> (Mcount_count_cy<2>)
     MUXCY:CI->O           1   0.051   0.000  Mcount_count_cy<3> (Mcount_count_cy<3>)
     MUXCY:CI->O           1   0.051   0.000  Mcount_count_cy<4> (Mcount_count_cy<4>)
     MUXCY:CI->O           1   0.051   0.000  Mcount_count_cy<5> (Mcount_count_cy<5>)
     MUXCY:CI->O           1   0.051   0.000  Mcount_count_cy<6> (Mcount_count_cy<6>)
     MUXCY:CI->O           1   0.051   0.000  Mcount_count_cy<7> (Mcount_count_cy<7>)
     MUXCY:CI->O           0   0.051   0.000  Mcount_count_cy<8> (Mcount_count_cy<8>)
     XORCY:CI->O           1   0.699   0.000  Mcount_count_xor<9> (Result<9>)
     FDCE:D                    0.268          count_9
    ----------------------------------------
    Total                      3.389ns (2.858ns logic, 0.532ns route)
                                       (84.3% logic, 15.7% route)

=========================================================================
Timing constraint: Default OFFSET IN BEFORE for Clock 'clk'
  Total number of paths / destination ports: 10 / 10
-------------------------------------------------------------------------
Offset:              2.339ns (Levels of Logic = 1)
  Source:            enable (PAD)
  Destination:       count_0 (FF)
  Destination Clock: clk rising

  Data Path: enable to count_0
                                Gate     Net
    Cell:in->out      fanout   Delay   Delay  Logical Name (Net Name)
    ----------------------------------------  ------------
     IBUF:I->O            10   1.106   0.750  enable_IBUF (enable_IBUF)
     FDCE:CE                   0.483          count_0
    ----------------------------------------
    Total                      2.339ns (1.589ns logic, 0.750ns route)
                                       (67.9% logic, 32.1% route)

=========================================================================
Timing constraint: Default OFFSET OUT AFTER for Clock 'clk'
  Total number of paths / destination ports: 10 / 10
-------------------------------------------------------------------------
Offset:              4.063ns (Levels of Logic = 1)
  Source:            count_9 (FF)
  Destination:       counter_output<9> (PAD)
  Source Clock:      clk rising

  Data Path: count_9 to counter_output<9>
                                Gate     Net
    Cell:in->out      fanout   Delay   Delay  Logical Name (Net Name)
    ----------------------------------------  ------------
     FDCE:C->Q             2   0.514   0.380  count_9 (count_9)
     OBUF:I->O                 3.169          counter_output_9_OBUF (counter_output<9>)
    ----------------------------------------
    Total                      4.063ns (3.683ns logic, 0.380ns route)
                                       (90.6% logic, 9.4% route)

=========================================================================


Total REAL time to Xst completion: 7.00 secs
Total CPU time to Xst completion: 6.77 secs
 
--> 

Total memory usage is 289480 kilobytes

Number of errors   :    0 (   0 filtered)
Number of warnings :    0 (   0 filtered)
Number of infos    :    0 (   0 filtered)

