Release 14.7 - xst P.20131013 (nt64)
Copyright (c) 1995-2013 Xilinx, Inc.  All rights reserved.
--> Parameter TMPDIR set to xst/projnav.tmp


Total REAL time to Xst completion: 0.00 secs
Total CPU time to Xst completion: 0.14 secs
 
--> Parameter xsthdpdir set to xst


Total REAL time to Xst completion: 0.00 secs
Total CPU time to Xst completion: 0.14 secs
 
--> Reading design: Distance_calculation.prj

TABLE OF CONTENTS
  1) Synthesis Options Summary
  2) HDL Compilation
  3) Design Hierarchy Analysis
  4) HDL Analysis
  5) HDL Synthesis
     5.1) HDL Synthesis Report
  6) Advanced HDL Synthesis
     6.1) Advanced HDL Synthesis Report
  7) Low Level Synthesis
  8) Partition Report
  9) Final Report
	9.1) Device utilization summary
	9.2) Partition Resource Summary
	9.3) TIMING REPORT


=========================================================================
*                      Synthesis Options Summary                        *
=========================================================================
---- Source Parameters
Input File Name                    : "Distance_calculation.prj"
Input Format                       : mixed
Ignore Synthesis Constraint File   : NO

---- Target Parameters
Output File Name                   : "Distance_calculation"
Output Format                      : NGC
Target Device                      : xc3s100e-5-vq100

---- Source Options
Top Module Name                    : Distance_calculation
Automatic FSM Extraction           : YES
FSM Encoding Algorithm             : Auto
Safe Implementation                : No
FSM Style                          : LUT
RAM Extraction                     : Yes
RAM Style                          : Auto
ROM Extraction                     : Yes
Mux Style                          : Auto
Decoder Extraction                 : YES
Priority Encoder Extraction        : Yes
Shift Register Extraction          : YES
Logical Shifter Extraction         : YES
XOR Collapsing                     : YES
ROM Style                          : Auto
Mux Extraction                     : Yes
Resource Sharing                   : YES
Asynchronous To Synchronous        : NO
Multiplier Style                   : Auto
Automatic Register Balancing       : No

---- Target Options
Add IO Buffers                     : YES
Global Maximum Fanout              : 100000
Add Generic Clock Buffer(BUFG)     : 24
Register Duplication               : YES
Slice Packing                      : YES
Optimize Instantiated Primitives   : NO
Use Clock Enable                   : Yes
Use Synchronous Set                : Yes
Use Synchronous Reset              : Yes
Pack IO Registers into IOBs        : Auto
Equivalent register Removal        : YES

---- General Options
Optimization Goal                  : Speed
Optimization Effort                : 1
Keep Hierarchy                     : No
Netlist Hierarchy                  : As_Optimized
RTL Output                         : Yes
Global Optimization                : AllClockNets
Read Cores                         : YES
Write Timing Constraints           : NO
Cross Clock Analysis               : NO
Hierarchy Separator                : /
Bus Delimiter                      : <>
Case Specifier                     : Maintain
Slice Utilization Ratio            : 100
BRAM Utilization Ratio             : 100
Verilog 2001                       : YES
Auto BRAM Packing                  : NO
Slice Utilization Ratio Delta      : 5

=========================================================================


=========================================================================
*                          HDL Compilation                              *
=========================================================================
Compiling vhdl file "C:/Xilinx/sonar/Sonar/Counter.vhd" in Library work.
Architecture behavioral of Entity counter is up to date.
Compiling vhdl file "C:/Xilinx/sonar/Sonar/Distance_calculation.vhd" in Library work.
Entity <distance_calculation> compiled.
Entity <Distance_calculation> (Architecture <Behavioral>) compiled.

=========================================================================
*                     Design Hierarchy Analysis                         *
=========================================================================
Analyzing hierarchy for entity <Distance_calculation> in library <work> (architecture <Behavioral>).

Analyzing hierarchy for entity <Counter> in library <work> (architecture <behavioral>) with generics.
	n = 22


=========================================================================
*                            HDL Analysis                               *
=========================================================================
Analyzing Entity <Distance_calculation> in library <work> (Architecture <Behavioral>).
WARNING:Xst:819 - "C:/Xilinx/sonar/Sonar/Distance_calculation.vhd" line 54: One or more signals are missing in the process sensitivity list. To enable synthesis of FPGA/CPLD hardware, XST will assume that all necessary signals are present in the sensitivity list. Please note that the result of the synthesis may differ from the initial design specification. The missing signals are:
   <Pulse_width>
Entity <Distance_calculation> analyzed. Unit <Distance_calculation> generated.

Analyzing generic Entity <Counter> in library <work> (Architecture <behavioral>).
	n = 22
Entity <Counter> analyzed. Unit <Counter> generated.


=========================================================================
*                           HDL Synthesis                               *
=========================================================================

Performing bidirectional port resolution...

Synthesizing Unit <Counter>.
    Related source file is "C:/Xilinx/sonar/Sonar/Counter.vhd".
    Found 22-bit up counter for signal <count>.
    Summary:
	inferred   1 Counter(s).
Unit <Counter> synthesized.


Synthesizing Unit <Distance_calculation>.
    Related source file is "C:/Xilinx/sonar/Sonar/Distance_calculation.vhd".
WARNING:Xst:737 - Found 9-bit latch for signal <distance>. Latches may be generated from incomplete case or if statements. We do not recommend the use of latches in FPGA/CPLD designs, as they may lead to timing problems.
    Found 11-bit comparator greater for signal <distance$cmp_gt0000> created at line 62.
    Found 22x2-bit multiplier for signal <multiplier$mult0000> created at line 60.
    Summary:
	inferred   1 Multiplier(s).
	inferred   1 Comparator(s).
Unit <Distance_calculation> synthesized.


=========================================================================
HDL Synthesis Report

Macro Statistics
# Multipliers                                          : 1
 22x2-bit multiplier                                   : 1
# Counters                                             : 1
 22-bit up counter                                     : 1
# Latches                                              : 1
 9-bit latch                                           : 1
# Comparators                                          : 1
 11-bit comparator greater                             : 1

=========================================================================

=========================================================================
*                       Advanced HDL Synthesis                          *
=========================================================================


=========================================================================
Advanced HDL Synthesis Report

Macro Statistics
# Multipliers                                          : 1
 22x2-bit multiplier                                   : 1
# Counters                                             : 1
 22-bit up counter                                     : 1
# Latches                                              : 1
 9-bit latch                                           : 1
# Comparators                                          : 1
 11-bit comparator greater                             : 1

=========================================================================

=========================================================================
*                         Low Level Synthesis                           *
=========================================================================

Optimizing unit <Distance_calculation> ...

Mapping all equations...
Building and optimizing final netlist ...
Found area constraint ratio of 100 (+ 5) on block Distance_calculation, actual ratio is 3.

Final Macro Processing ...

=========================================================================
Final Register Report

Macro Statistics
# Registers                                            : 22
 Flip-Flops                                            : 22

=========================================================================

=========================================================================
*                           Partition Report                            *
=========================================================================

Partition Implementation Status
-------------------------------

  No Partitions were found in this design.

-------------------------------

=========================================================================
*                            Final Report                               *
=========================================================================
Final Results
RTL Top Level Output File Name     : Distance_calculation.ngr
Top Level Output File Name         : Distance_calculation
Output Format                      : NGC
Optimization Goal                  : Speed
Keep Hierarchy                     : No

Design Statistics
# IOs                              : 12

Cell Usage :
# BELS                             : 144
#      GND                         : 1
#      INV                         : 3
#      LUT1                        : 24
#      LUT2                        : 32
#      LUT3                        : 1
#      MUXCY                       : 50
#      VCC                         : 1
#      XORCY                       : 32
# FlipFlops/Latches                : 31
#      FDCE                        : 22
#      LD_1                        : 9
# Clock Buffers                    : 2
#      BUFG                        : 1
#      BUFGP                       : 1
# IO Buffers                       : 11
#      IBUF                        : 2
#      OBUF                        : 9
=========================================================================

Device utilization summary:
---------------------------

Selected Device : 3s100evq100-5 

 Number of Slices:                       31  out of    960     3%  
 Number of Slice Flip Flops:             22  out of   1920     1%  
 Number of 4 input LUTs:                 60  out of   1920     3%  
 Number of IOs:                          12
 Number of bonded IOBs:                  12  out of     66    18%  
    IOB Flip Flops:                       9
 Number of GCLKs:                         2  out of     24     8%  

---------------------------
Partition Resource Summary:
---------------------------

  No Partitions were found in this design.

---------------------------


=========================================================================
TIMING REPORT

NOTE: THESE TIMING NUMBERS ARE ONLY A SYNTHESIS ESTIMATE.
      FOR ACCURATE TIMING INFORMATION PLEASE REFER TO THE TRACE REPORT
      GENERATED AFTER PLACE-and-ROUTE.

Clock Information:
------------------
-----------------------------------+------------------------+-------+
Clock Signal                       | Clock buffer(FF name)  | Load  |
-----------------------------------+------------------------+-------+
clk                                | BUFGP                  | 22    |
pulse                              | IBUF+BUFG              | 9     |
-----------------------------------+------------------------+-------+

Asynchronous Control Signals Information:
----------------------------------------
-----------------------------------+------------------------+-------+
Control Signal                     | Buffer(FF name)        | Load  |
-----------------------------------+------------------------+-------+
Calculation_Reset                  | IBUF                   | 22    |
-----------------------------------+------------------------+-------+

Timing Summary:
---------------
Speed Grade: -5

   Minimum period: 4.079ns (Maximum Frequency: 245.167MHz)
   Minimum input arrival time before clock: 2.611ns
   Maximum output required time after clock: 4.114ns
   Maximum combinational path delay: No path found

Timing Detail:
--------------
All values displayed in nanoseconds (ns)

=========================================================================
Timing constraint: Default period analysis for Clock 'clk'
  Clock period: 4.079ns (frequency: 245.167MHz)
  Total number of paths / destination ports: 253 / 22
-------------------------------------------------------------------------
Delay:               4.079ns (Levels of Logic = 22)
  Source:            CounterPulse/count_1 (FF)
  Destination:       CounterPulse/count_21 (FF)
  Source Clock:      clk rising
  Destination Clock: clk rising

  Data Path: CounterPulse/count_1 to CounterPulse/count_21
                                Gate     Net
    Cell:in->out      fanout   Delay   Delay  Logical Name (Net Name)
    ----------------------------------------  ------------
     FDCE:C->Q             3   0.514   0.603  CounterPulse/count_1 (CounterPulse/count_1)
     LUT1:I0->O            1   0.612   0.000  CounterPulse/Mcount_count_cy<1>_rt (CounterPulse/Mcount_count_cy<1>_rt)
     MUXCY:S->O            1   0.404   0.000  CounterPulse/Mcount_count_cy<1> (CounterPulse/Mcount_count_cy<1>)
     MUXCY:CI->O           1   0.051   0.000  CounterPulse/Mcount_count_cy<2> (CounterPulse/Mcount_count_cy<2>)
     MUXCY:CI->O           1   0.051   0.000  CounterPulse/Mcount_count_cy<3> (CounterPulse/Mcount_count_cy<3>)
     MUXCY:CI->O           1   0.051   0.000  CounterPulse/Mcount_count_cy<4> (CounterPulse/Mcount_count_cy<4>)
     MUXCY:CI->O           1   0.051   0.000  CounterPulse/Mcount_count_cy<5> (CounterPulse/Mcount_count_cy<5>)
     MUXCY:CI->O           1   0.051   0.000  CounterPulse/Mcount_count_cy<6> (CounterPulse/Mcount_count_cy<6>)
     MUXCY:CI->O           1   0.051   0.000  CounterPulse/Mcount_count_cy<7> (CounterPulse/Mcount_count_cy<7>)
     MUXCY:CI->O           1   0.051   0.000  CounterPulse/Mcount_count_cy<8> (CounterPulse/Mcount_count_cy<8>)
     MUXCY:CI->O           1   0.051   0.000  CounterPulse/Mcount_count_cy<9> (CounterPulse/Mcount_count_cy<9>)
     MUXCY:CI->O           1   0.051   0.000  CounterPulse/Mcount_count_cy<10> (CounterPulse/Mcount_count_cy<10>)
     MUXCY:CI->O           1   0.051   0.000  CounterPulse/Mcount_count_cy<11> (CounterPulse/Mcount_count_cy<11>)
     MUXCY:CI->O           1   0.051   0.000  CounterPulse/Mcount_count_cy<12> (CounterPulse/Mcount_count_cy<12>)
     MUXCY:CI->O           1   0.051   0.000  CounterPulse/Mcount_count_cy<13> (CounterPulse/Mcount_count_cy<13>)
     MUXCY:CI->O           1   0.051   0.000  CounterPulse/Mcount_count_cy<14> (CounterPulse/Mcount_count_cy<14>)
     MUXCY:CI->O           1   0.051   0.000  CounterPulse/Mcount_count_cy<15> (CounterPulse/Mcount_count_cy<15>)
     MUXCY:CI->O           1   0.051   0.000  CounterPulse/Mcount_count_cy<16> (CounterPulse/Mcount_count_cy<16>)
     MUXCY:CI->O           1   0.051   0.000  CounterPulse/Mcount_count_cy<17> (CounterPulse/Mcount_count_cy<17>)
     MUXCY:CI->O           1   0.051   0.000  CounterPulse/Mcount_count_cy<18> (CounterPulse/Mcount_count_cy<18>)
     MUXCY:CI->O           1   0.051   0.000  CounterPulse/Mcount_count_cy<19> (CounterPulse/Mcount_count_cy<19>)
     MUXCY:CI->O           0   0.051   0.000  CounterPulse/Mcount_count_cy<20> (CounterPulse/Mcount_count_cy<20>)
     XORCY:CI->O           1   0.699   0.000  CounterPulse/Mcount_count_xor<21> (Result<21>)
     FDCE:D                    0.268          CounterPulse/count_21
    ----------------------------------------
    Total                      4.079ns (3.476ns logic, 0.603ns route)
                                       (85.2% logic, 14.8% route)

=========================================================================
Timing constraint: Default OFFSET IN BEFORE for Clock 'clk'
  Total number of paths / destination ports: 22 / 22
-------------------------------------------------------------------------
Offset:              2.611ns (Levels of Logic = 1)
  Source:            pulse (PAD)
  Destination:       CounterPulse/count_0 (FF)
  Destination Clock: clk rising

  Data Path: pulse to CounterPulse/count_0
                                Gate     Net
    Cell:in->out      fanout   Delay   Delay  Logical Name (Net Name)
    ----------------------------------------  ------------
     IBUF:I->O            23   1.106   1.022  pulse_IBUF (pulse_IBUF1)
     FDCE:CE                   0.483          CounterPulse/count_0
    ----------------------------------------
    Total                      2.611ns (1.589ns logic, 1.022ns route)
                                       (60.9% logic, 39.1% route)

=========================================================================
Timing constraint: Default OFFSET OUT AFTER for Clock 'pulse'
  Total number of paths / destination ports: 9 / 9
-------------------------------------------------------------------------
Offset:              4.114ns (Levels of Logic = 1)
  Source:            distance_8 (LATCH)
  Destination:       distance<8> (PAD)
  Source Clock:      pulse rising

  Data Path: distance_8 to distance<8>
                                Gate     Net
    Cell:in->out      fanout   Delay   Delay  Logical Name (Net Name)
    ----------------------------------------  ------------
     LD_1:G->Q             1   0.588   0.357  distance_8 (distance_8)
     OBUF:I->O                 3.169          distance_8_OBUF (distance<8>)
    ----------------------------------------
    Total                      4.114ns (3.757ns logic, 0.357ns route)
                                       (91.3% logic, 8.7% route)

=========================================================================


Total REAL time to Xst completion: 7.00 secs
Total CPU time to Xst completion: 6.85 secs
 
--> 

Total memory usage is 305708 kilobytes

Number of errors   :    0 (   0 filtered)
Number of warnings :    2 (   0 filtered)
Number of infos    :    0 (   0 filtered)

